2020-07-19 20:01:44 +0000  Initial pipeline context: <IDEDistributionProcessingPipelineContext: 0x7fe625a974b0; archive(resolved)='<IDEArchive: 0x7fe636784540>', distributionTask(resolved)='2', distributionDestination(resolved)='1', distributionMethod(resolved)='<IDEDistributionMethodiOSAppStoreDistribution: 0x7fe669d8f190>', team(resolved)='<IDEProvisioningDisambiguatableBasicTeam: 0x7fe66e295e50; teamID='V6KJC9YDUM', teamName='Guninder Randhawa', teamType='Individual', username='jaydenr917@icloud.com', isFreeProvisioningTeam='0'>'>
	Chain (12, self inclusive):
	<IDEDistributionProcessingPipelineContext: 0x7fe625a974b0; archive = '<IDEArchive: 0x7fe636784540>', distributionMethod='<IDEDistributionMethodiOSAppStoreDistribution: 0x7fe669d8f190>', team='<IDEProvisioningDisambiguatableBasicTeam: 0x7fe66e295e50; teamID='V6KJC9YDUM', teamName='Guninder Randhawa', teamType='Individual', username='jaydenr917@icloud.com', isFreeProvisioningTeam='0'>'>
	<IDEDistributionProcessingPipelineContext: 0x7fe65c427e90; archive = '<IDEArchive: 0x7fe636784540>', distributionMethod='<IDEDistributionMethodiOSAppStoreDistribution: 0x7fe669d8f190>', team='<IDEProvisioningDisambiguatableBasicTeam: 0x7fe66e295e50; teamID='V6KJC9YDUM', teamName='Guninder Randhawa', teamType='Individual', username='jaydenr917@icloud.com', isFreeProvisioningTeam='0'>'>
	<IDEDistributionContext: 0x7fe636714710; archive = '<IDEArchive: 0x7fe636784540>', distributionMethod='<IDEDistributionMethodiOSAppStoreDistribution: 0x7fe669d8f190>', team='<IDEProvisioningDisambiguatableBasicTeam: 0x7fe66e295e50; teamID='V6KJC9YDUM', teamName='Guninder Randhawa', teamType='Individual', username='jaydenr917@icloud.com', isFreeProvisioningTeam='0'>'>
	<IDEDistributionContext: 0x7fe62a02f7d0; archive = '<IDEArchive: 0x7fe636784540>', distributionMethod='<IDEDistributionMethodiOSAppStoreDistribution: 0x7fe669d8f190>', team='<IDEProvisioningDisambiguatableBasicTeam: 0x7fe66e295e50; teamID='V6KJC9YDUM', teamName='Guninder Randhawa', teamType='Individual', username='jaydenr917@icloud.com', isFreeProvisioningTeam='0'>'>
	<IDEDistributionContext: 0x7fe62844d660; archive = '<IDEArchive: 0x7fe636784540>', distributionMethod='<IDEDistributionMethodiOSAppStoreDistribution: 0x7fe669d8f190>', team='<IDEProvisioningDisambiguatableBasicTeam: 0x7fe66e295e50; teamID='V6KJC9YDUM', teamName='Guninder Randhawa', teamType='Individual', username='jaydenr917@icloud.com', isFreeProvisioningTeam='0'>'>
	<IDEDistributionContext: 0x7fe630814c90; archive = '<IDEArchive: 0x7fe636784540>', distributionMethod='<IDEDistributionMethodiOSAppStoreDistribution: 0x7fe669d8f190>', team='<IDEProvisioningDisambiguatableBasicTeam: 0x7fe66e295e50; teamID='V6KJC9YDUM', teamName='Guninder Randhawa', teamType='Individual', username='jaydenr917@icloud.com', isFreeProvisioningTeam='0'>'>
	<IDEDistributionContext: 0x7fe658ff29d0; archive = '<IDEArchive: 0x7fe636784540>', distributionMethod='<IDEDistributionMethodiOSAppStoreDistribution: 0x7fe669d8f190>', team='<IDEProvisioningDisambiguatableBasicTeam: 0x7fe66e295e50; teamID='V6KJC9YDUM', teamName='Guninder Randhawa', teamType='Individual', username='jaydenr917@icloud.com', isFreeProvisioningTeam='0'>'>
	<IDEDistributionContext: 0x7fe657ef3a70; archive = '<IDEArchive: 0x7fe636784540>', distributionMethod='<IDEDistributionMethodiOSAppStoreDistribution: 0x7fe669d8f190>', team='<IDEProvisioningDisambiguatableBasicTeam: 0x7fe66e295e50; teamID='V6KJC9YDUM', teamName='Guninder Randhawa', teamType='Individual', username='jaydenr917@icloud.com', isFreeProvisioningTeam='0'>'>
	<IDEDistributionContext: 0x7fe657e19af0; archive = '<IDEArchive: 0x7fe636784540>', distributionMethod='<IDEDistributionMethodiOSAppStoreDistribution: 0x7fe669d8f190>', team='<IDEProvisioningDisambiguatableBasicTeam: 0x7fe66e295e50; teamID='V6KJC9YDUM', teamName='Guninder Randhawa', teamType='Individual', username='jaydenr917@icloud.com', isFreeProvisioningTeam='0'>'>
	<IDEDistributionContext: 0x7fe65d636cb0; archive = '<IDEArchive: 0x7fe636784540>', distributionMethod='<IDEDistributionMethodiOSAppStoreDistribution: 0x7fe669d8f190>', team='(null)'>
	<IDEDistributionContext: 0x7fe626811530; archive = '<IDEArchive: 0x7fe636784540>', distributionMethod='<IDEDistributionMethodiOSAppStoreDistribution: 0x7fe669d8f190>', team='(null)'>
	<IDEDistributionContext: 0x7fe630850b90; archive = '<IDEArchive: 0x7fe636784540>', distributionMethod='(null)', team='(null)'>
</IDEDistributionProcessingPipelineContext: 0x7fe625a974b0>
2020-07-19 20:01:44 +0000  Processing step: IDEDistributionCreateDestRootStep
2020-07-19 20:01:44 +0000  Processing step: IDEDistributionCopyItemStep
2020-07-19 20:01:44 +0000  Running /usr/bin/ditto '-V' '/Users/jaydenrandhawa/Library/Developer/Xcode/Archives/2020-07-19/Darts 2020-07-19, 4.01 PM.xcarchive/Products/Applications/Darts.app' '/var/folders/js/n78_l5zx25xdvg3l2335p7k40000gn/T/XcodeDistPipeline.~~~yK7T8u/Root/Payload/Darts.app'
2020-07-19 20:01:44 +0000  >>> Copying /Users/jaydenrandhawa/Library/Developer/Xcode/Archives/2020-07-19/Darts 2020-07-19, 4.01 PM.xcarchive/Products/Applications/Darts.app 
2020-07-19 20:01:44 +0000  copying file ./_CodeSignature/CodeResources ... 
2020-07-19 20:01:44 +0000  4563 bytes for ./_CodeSignature/CodeResources
2020-07-19 20:01:44 +0000  copying file ./AppIcon60x60@2x.png ... 
2020-07-19 20:01:44 +0000  3020 bytes for ./AppIcon60x60@2x.png
2020-07-19 20:01:44 +0000  copying file ./Base.lproj/Main.storyboardc/BYZ-38-t0r-view-8bC-Xf-vdC.nib ... 
2020-07-19 20:01:44 +0000  8116 bytes for ./Base.lproj/Main.storyboardc/BYZ-38-t0r-view-8bC-Xf-vdC.nib
2020-07-19 20:01:44 +0000  copying file ./Base.lproj/Main.storyboardc/UITabBarController-8GE-do-rWl.nib ... 
2020-07-19 20:01:44 +0000  3214 bytes for ./Base.lproj/Main.storyboardc/UITabBarController-8GE-do-rWl.nib
2020-07-19 20:01:44 +0000  copying file ./Base.lproj/Main.storyboardc/Info.plist ... 
2020-07-19 20:01:44 +0000  264 bytes for ./Base.lproj/Main.storyboardc/Info.plist
2020-07-19 20:01:44 +0000  copying file ./Base.lproj/LaunchScreen.storyboardc/01J-lp-oVM-view-Ze5-6b-2t3.nib ... 
2020-07-19 20:01:44 +0000  1197 bytes for ./Base.lproj/LaunchScreen.storyboardc/01J-lp-oVM-view-Ze5-6b-2t3.nib
2020-07-19 20:01:44 +0000  copying file ./Base.lproj/LaunchScreen.storyboardc/UIViewController-01J-lp-oVM.nib ... 
2020-07-19 20:01:44 +0000  896 bytes for ./Base.lproj/LaunchScreen.storyboardc/UIViewController-01J-lp-oVM.nib
2020-07-19 20:01:44 +0000  copying file ./Base.lproj/LaunchScreen.storyboardc/Info.plist ... 
2020-07-19 20:01:44 +0000  258 bytes for ./Base.lproj/LaunchScreen.storyboardc/Info.plist
2020-07-19 20:01:44 +0000  copying file ./Assets.car ... 
2020-07-19 20:01:44 +0000  902879 bytes for ./Assets.car
2020-07-19 20:01:44 +0000  copying file ./AppIcon76x76@2x~ipad.png ... 
2020-07-19 20:01:44 +0000  3945 bytes for ./AppIcon76x76@2x~ipad.png
2020-07-19 20:01:44 +0000  copying file ./Darts ... 
2020-07-19 20:01:44 +0000  240720 bytes for ./Darts
2020-07-19 20:01:44 +0000  copying file ./embedded.mobileprovision ... 
2020-07-19 20:01:44 +0000  11379 bytes for ./embedded.mobileprovision
2020-07-19 20:01:44 +0000  copying file ./Info.plist ... 
2020-07-19 20:01:44 +0000  1579 bytes for ./Info.plist
2020-07-19 20:01:44 +0000  copying file ./PkgInfo ... 
2020-07-19 20:01:44 +0000  8 bytes for ./PkgInfo
2020-07-19 20:01:44 +0000  /usr/bin/ditto exited with 0
2020-07-19 20:01:44 +0000  Processing step: IDEDistributionEmbedProfileStep
2020-07-19 20:01:44 +0000  Processing step: IDEDistributionInfoPlistStep
2020-07-19 20:01:44 +0000  Skipping step: IDEDistributionInfoPlistStep because it said so
2020-07-19 20:01:44 +0000  Processing step: IDEDistributionItemRemovalStep
2020-07-19 20:01:44 +0000  Processing step: IDEDistributionAppThinningPlistStep
2020-07-19 20:01:44 +0000  Skipping step: IDEDistributionAppThinningPlistStep because it said so
2020-07-19 20:01:44 +0000  Processing step: IDEDistributionCompileBitcodeStep
2020-07-19 20:01:44 +0000  Skipping step: IDEDistributionCompileBitcodeStep because it said so
2020-07-19 20:01:44 +0000  Processing step: IDEDistributionCodeSlimmingStep
2020-07-19 20:01:44 +0000  Running /Applications/Xcode-beta.app/Contents/Developer/Toolchains/XcodeDefault.xctoolchain/usr/bin/bitcode_strip '/var/folders/js/n78_l5zx25xdvg3l2335p7k40000gn/T/XcodeDistPipeline.~~~yK7T8u/Root/Payload/Darts.app/Darts' '-l' '-o' '/var/folders/js/n78_l5zx25xdvg3l2335p7k40000gn/T/XcodeDistPipeline.~~~yK7T8u/Root/Payload/Darts.app/Darts'
2020-07-19 20:01:44 +0000  /Applications/Xcode-beta.app/Contents/Developer/Toolchains/XcodeDefault.xctoolchain/usr/bin/bitcode_strip exited with 0
2020-07-19 20:01:44 +0000  Processing step: IDEDistributionCopyBCSymbolMapsStep
2020-07-19 20:01:44 +0000  Running /usr/bin/ditto '-V' '/Users/jaydenrandhawa/Library/Developer/Xcode/Archives/2020-07-19/Darts 2020-07-19, 4.01 PM.xcarchive/BCSymbolMaps/885A0797-35FB-3B68-B50A-C69AA25016B9.bcsymbolmap' '/var/folders/js/n78_l5zx25xdvg3l2335p7k40000gn/T/XcodeDistPipeline.~~~yK7T8u/Root/BCSymbolMaps/885A0797-35FB-3B68-B50A-C69AA25016B9.bcsymbolmap'
2020-07-19 20:01:44 +0000  >>> Copying /Users/jaydenrandhawa/Library/Developer/Xcode/Archives/2020-07-19/Darts 2020-07-19, 4.01 PM.xcarchive/BCSymbolMaps/885A0797-35FB-3B68-B50A-C69AA25016B9.bcsymbolmap 
2020-07-19 20:01:44 +0000  copying file ./885A0797-35FB-3B68-B50A-C69AA25016B9.bcsymbolmap ... 
2020-07-19 20:01:44 +0000  14106 bytes for ./885A0797-35FB-3B68-B50A-C69AA25016B9.bcsymbolmap
2020-07-19 20:01:44 +0000  /usr/bin/ditto exited with 0
2020-07-19 20:01:44 +0000  Processing step: IDEDistributionSymbolsStep
2020-07-19 20:01:44 +0000  Excluding symbols for Darts.app
2020-07-19 20:01:44 +0000  Processing step: IDEDistributionCopyAppleProvidedContentStep
2020-07-19 20:01:44 +0000  Processing step: IDEDistributionAppThinningStep
2020-07-19 20:01:44 +0000  Skipping step: IDEDistributionAppThinningStep because it said so
2020-07-19 20:01:44 +0000  Processing step: IDEDistributionArchThinningStep
2020-07-19 20:01:44 +0000  Running /Applications/Xcode-beta.app/Contents/Developer/Toolchains/XcodeDefault.xctoolchain/usr/bin/lipo '/var/folders/js/n78_l5zx25xdvg3l2335p7k40000gn/T/XcodeDistPipeline.~~~yK7T8u/Root/Payload/Darts.app/Darts' '-verify_arch' 'arm64e'
2020-07-19 20:01:44 +0000  /Applications/Xcode-beta.app/Contents/Developer/Toolchains/XcodeDefault.xctoolchain/usr/bin/lipo exited with 1
2020-07-19 20:01:44 +0000  Skipping architecture thinning for item "Darts" because arch "arm64e" wasn't found
2020-07-19 20:01:44 +0000  Processing step: IDEDistributionODRStep
2020-07-19 20:01:44 +0000  Processing step: IDEDistributionStripXattrsStep
2020-07-19 20:01:44 +0000  Running /usr/bin/xattr '-crs' '/var/folders/js/n78_l5zx25xdvg3l2335p7k40000gn/T/XcodeDistPipeline.~~~yK7T8u/Root/Payload/Darts.app'
2020-07-19 20:01:44 +0000  /usr/bin/xattr exited with 0
2020-07-19 20:01:44 +0000  Processing step: IDEDistributionCodesignStep
2020-07-19 20:01:44 +0000  Entitlements for <IDEDistributionItem: 0x7fe64629e6b0; bundleID='Jayden.Darts', path='<DVTFilePath:0x7fe6260bee90:'/Users/jaydenrandhawa/Library/Developer/Xcode/Archives/2020-07-19/Darts 2020-07-19, 4.01 PM.xcarchive/Products/Applications/Darts.app'>', codeSigningInfo='<_DVTCodeSigningInformation_Path: 0x7fe62b51df70; isSigned='1', isAdHocSigned='0', signingCertificate='<DVTSigningCertificate: 0x7fe6308b4d30; name='Apple Development: Guninder Randhawa (Y972P833Z9)', hash='6166DCC347912A4EBC1211471118E04D0C3E250B', serialNumber='<DVTSigningCertificateSerialNumber: 0x7fe6562d7c30>', certificateKinds='(
    "1.2.840.113635.100.6.1.12",
    "1.2.840.113635.100.6.1.2"
), issueDate='2020-06-09 22:21:08 +0000''>', entitlements='{
    "application-identifier" = "V6KJC9YDUM.Jayden.Darts";
    "com.apple.developer.team-identifier" = V6KJC9YDUM;
    "get-task-allow" = 1;
    "keychain-access-groups" =     (
        "V6KJC9YDUM.Jayden.Darts"
    );
}', teamID='V6KJC9YDUM', identifier='Jayden.Darts', executablePath='<DVTFilePath:0x7fe62c58f500:'/Users/jaydenrandhawa/Library/Developer/Xcode/Archives/2020-07-19/Darts 2020-07-19, 4.01 PM.xcarchive/Products/Applications/Darts.app/Darts'>', hardenedRuntime='0'>'>: {
    "application-identifier" = "V6KJC9YDUM.Jayden.Darts";
    "beta-reports-active" = 1;
    "com.apple.developer.team-identifier" = V6KJC9YDUM;
    "get-task-allow" = 0;
    "keychain-access-groups" =     (
        "V6KJC9YDUM.Jayden.Darts"
    );
}
2020-07-19 20:01:44 +0000  Writing entitlements for <IDEDistributionItem: 0x7fe64629e6b0; bundleID='Jayden.Darts', path='<DVTFilePath:0x7fe6260bee90:'/Users/jaydenrandhawa/Library/Developer/Xcode/Archives/2020-07-19/Darts 2020-07-19, 4.01 PM.xcarchive/Products/Applications/Darts.app'>', codeSigningInfo='<_DVTCodeSigningInformation_Path: 0x7fe62b51df70; isSigned='1', isAdHocSigned='0', signingCertificate='<DVTSigningCertificate: 0x7fe625c33350; name='Apple Development: Guninder Randhawa (Y972P833Z9)', hash='6166DCC347912A4EBC1211471118E04D0C3E250B', serialNumber='<DVTSigningCertificateSerialNumber: 0x7fe6566e19b0>', certificateKinds='(
    "1.2.840.113635.100.6.1.12",
    "1.2.840.113635.100.6.1.2"
), issueDate='2020-06-09 22:21:08 +0000''>', entitlements='{
    "application-identifier" = "V6KJC9YDUM.Jayden.Darts";
    "com.apple.developer.team-identifier" = V6KJC9YDUM;
    "get-task-allow" = 1;
    "keychain-access-groups" =     (
        "V6KJC9YDUM.Jayden.Darts"
    );
}', teamID='V6KJC9YDUM', identifier='Jayden.Darts', executablePath='<DVTFilePath:0x7fe62c58f500:'/Users/jaydenrandhawa/Library/Developer/Xcode/Archives/2020-07-19/Darts 2020-07-19, 4.01 PM.xcarchive/Products/Applications/Darts.app/Darts'>', hardenedRuntime='0'>'> to: /var/folders/js/n78_l5zx25xdvg3l2335p7k40000gn/T/XcodeDistPipeline.~~~yK7T8u/entitlements~~~MJ9dLV
2020-07-19 20:01:44 +0000  Running /usr/bin/codesign '-vvv' '--force' '--sign' '96D8A322A8137FE1B2E41258E4DFE475887F2635' '--entitlements' '/var/folders/js/n78_l5zx25xdvg3l2335p7k40000gn/T/XcodeDistPipeline.~~~yK7T8u/entitlements~~~MJ9dLV' '--preserve-metadata=identifier,flags,runtime' '/var/folders/js/n78_l5zx25xdvg3l2335p7k40000gn/T/XcodeDistPipeline.~~~yK7T8u/Root/Payload/Darts.app'
2020-07-19 20:01:44 +0000  /var/folders/js/n78_l5zx25xdvg3l2335p7k40000gn/T/XcodeDistPipeline.~~~yK7T8u/Root/Payload/Darts.app: signed app bundle with Mach-O thin (arm64) [Jayden.Darts]
2020-07-19 20:01:44 +0000  /usr/bin/codesign exited with 0
2020-07-19 20:01:44 +0000  Processing step: IDEDistributionZipODRItemStep
2020-07-19 20:01:44 +0000  Skipping step: IDEDistributionZipODRItemStep because it said so
2020-07-19 20:01:44 +0000  Processing step: IDEDistributionCreateIPAStep
2020-07-19 20:01:44 +0000  Running /usr/bin/ditto '-V' '-c' '-k' '--norsrc' '/var/folders/js/n78_l5zx25xdvg3l2335p7k40000gn/T/XcodeDistPipeline.~~~yK7T8u/Root' '/var/folders/js/n78_l5zx25xdvg3l2335p7k40000gn/T/XcodeDistPipeline.~~~yK7T8u/Packages/Darts.ipa'
2020-07-19 20:01:44 +0000  >>> Copying /var/folders/js/n78_l5zx25xdvg3l2335p7k40000gn/T/XcodeDistPipeline.~~~yK7T8u/Root 
2020-07-19 20:01:44 +0000  copying file ./BCSymbolMaps/885A0797-35FB-3B68-B50A-C69AA25016B9.bcsymbolmap ... 
2020-07-19 20:01:44 +0000  14106 bytes for ./BCSymbolMaps/885A0797-35FB-3B68-B50A-C69AA25016B9.bcsymbolmap
2020-07-19 20:01:44 +0000  copying file ./Payload/Darts.app/_CodeSignature/CodeResources ... 
2020-07-19 20:01:44 +0000  4563 bytes for ./Payload/Darts.app/_CodeSignature/CodeResources
2020-07-19 20:01:44 +0000  copying file ./Payload/Darts.app/AppIcon60x60@2x.png ... 
2020-07-19 20:01:44 +0000  3020 bytes for ./Payload/Darts.app/AppIcon60x60@2x.png
2020-07-19 20:01:44 +0000  copying file ./Payload/Darts.app/Base.lproj/Main.storyboardc/BYZ-38-t0r-view-8bC-Xf-vdC.nib ... 
2020-07-19 20:01:44 +0000  8116 bytes for ./Payload/Darts.app/Base.lproj/Main.storyboardc/BYZ-38-t0r-view-8bC-Xf-vdC.nib
2020-07-19 20:01:44 +0000  copying file ./Payload/Darts.app/Base.lproj/Main.storyboardc/UITabBarController-8GE-do-rWl.nib ... 
2020-07-19 20:01:44 +0000  3214 bytes for ./Payload/Darts.app/Base.lproj/Main.storyboardc/UITabBarController-8GE-do-rWl.nib
2020-07-19 20:01:44 +0000  copying file ./Payload/Darts.app/Base.lproj/Main.storyboardc/Info.plist ... 
2020-07-19 20:01:44 +0000  264 bytes for ./Payload/Darts.app/Base.lproj/Main.storyboardc/Info.plist
copying file ./Payload/Darts.app/Base.lproj/LaunchScreen.storyboardc/01J-lp-oVM-view-Ze5-6b-2t3.nib ... 
2020-07-19 20:01:44 +0000  1197 bytes for ./Payload/Darts.app/Base.lproj/LaunchScreen.storyboardc/01J-lp-oVM-view-Ze5-6b-2t3.nib
copying file ./Payload/Darts.app/Base.lproj/LaunchScreen.storyboardc/UIViewController-01J-lp-oVM.nib ... 
2020-07-19 20:01:44 +0000  896 bytes for ./Payload/Darts.app/Base.lproj/LaunchScreen.storyboardc/UIViewController-01J-lp-oVM.nib
copying file ./Payload/Darts.app/Base.lproj/LaunchScreen.storyboardc/Info.plist ... 
2020-07-19 20:01:44 +0000  258 bytes for ./Payload/Darts.app/Base.lproj/LaunchScreen.storyboardc/Info.plist
2020-07-19 20:01:44 +0000  copying file ./Payload/Darts.app/Assets.car ... 
2020-07-19 20:01:44 +0000  902879 bytes for ./Payload/Darts.app/Assets.car
copying file ./Payload/Darts.app/AppIcon76x76@2x~ipad.png ... 
2020-07-19 20:01:44 +0000  3945 bytes for ./Payload/Darts.app/AppIcon76x76@2x~ipad.png
copying file ./Payload/Darts.app/Darts ... 
2020-07-19 20:01:44 +0000  181168 bytes for ./Payload/Darts.app/Darts
copying file ./Payload/Darts.app/embedded.mobileprovision ... 
2020-07-19 20:01:44 +0000  11214 bytes for ./Payload/Darts.app/embedded.mobileprovision
2020-07-19 20:01:44 +0000  copying file ./Payload/Darts.app/Info.plist ... 
2020-07-19 20:01:44 +0000  1579 bytes for ./Payload/Darts.app/Info.plist
copying file ./Payload/Darts.app/PkgInfo ... 
2020-07-19 20:01:44 +0000  8 bytes for ./Payload/Darts.app/PkgInfo
2020-07-19 20:01:44 +0000  /usr/bin/ditto exited with 0
2020-07-19 20:01:44 +0000  Processing step: IDEDistributionAppStoreInformationStep
2020-07-19 20:01:44 +0000  Skipping step: IDEDistributionAppStoreInformationStep because it said so
2020-07-19 20:01:44 +0000  Processing step: IDEDistributionGenerateProcessedDistributionItems
2020-07-19 20:01:45 +0000  IDEDistributionItem init <DVTFilePath:0x7fe6564caad0:'/var/folders/js/n78_l5zx25xdvg3l2335p7k40000gn/T/XcodeDistPipeline.~~~yK7T8u/Root/Payload/Darts.app'>
2020-07-19 20:01:45 +0000  Processing step: IDEDistributionCreateManifestStep
2020-07-19 20:01:45 +0000  Skipping step: IDEDistributionCreateManifestStep because it said so
