2020-07-19 09:07:02 +0000  Initial pipeline context: <IDEDistributionProcessingPipelineContext: 0x7fe6597fd9d0; archive(resolved)='<IDEArchive: 0x7fe65edf5fb0>', distributionTask(resolved)='2', distributionDestination(resolved)='2', distributionMethod(resolved)='<IDEDistributionMethodiOSAppStoreDistribution: 0x7fe669d8f190>', team(resolved)='<IDEProvisioningDisambiguatableBasicTeam: 0x7fe66e295e50; teamID='V6KJC9YDUM', teamName='Guninder Randhawa', teamType='Individual', username='jaydenr917@icloud.com', isFreeProvisioningTeam='0'>'>
	Chain (13, self inclusive):
	<IDEDistributionProcessingPipelineContext: 0x7fe6597fd9d0; archive = '<IDEArchive: 0x7fe65edf5fb0>', distributionMethod='<IDEDistributionMethodiOSAppStoreDistribution: 0x7fe669d8f190>', team='<IDEProvisioningDisambiguatableBasicTeam: 0x7fe66e295e50; teamID='V6KJC9YDUM', teamName='Guninder Randhawa', teamType='Individual', username='jaydenr917@icloud.com', isFreeProvisioningTeam='0'>'>
	<IDEDistributionProcessingPipelineContext: 0x7fe65608c910; archive = '<IDEArchive: 0x7fe65edf5fb0>', distributionMethod='<IDEDistributionMethodiOSAppStoreDistribution: 0x7fe669d8f190>', team='<IDEProvisioningDisambiguatableBasicTeam: 0x7fe66e295e50; teamID='V6KJC9YDUM', teamName='Guninder Randhawa', teamType='Individual', username='jaydenr917@icloud.com', isFreeProvisioningTeam='0'>'>
	<IDEDistributionContext: 0x7fe65974ea70; archive = '<IDEArchive: 0x7fe65edf5fb0>', distributionMethod='<IDEDistributionMethodiOSAppStoreDistribution: 0x7fe669d8f190>', team='<IDEProvisioningDisambiguatableBasicTeam: 0x7fe66e295e50; teamID='V6KJC9YDUM', teamName='Guninder Randhawa', teamType='Individual', username='jaydenr917@icloud.com', isFreeProvisioningTeam='0'>'>
	<IDEDistributionContext: 0x7fe658eee440; archive = '<IDEArchive: 0x7fe65edf5fb0>', distributionMethod='<IDEDistributionMethodiOSAppStoreDistribution: 0x7fe669d8f190>', team='<IDEProvisioningDisambiguatableBasicTeam: 0x7fe66e295e50; teamID='V6KJC9YDUM', teamName='Guninder Randhawa', teamType='Individual', username='jaydenr917@icloud.com', isFreeProvisioningTeam='0'>'>
	<IDEDistributionContext: 0x7fe658ee9bb0; archive = '<IDEArchive: 0x7fe65edf5fb0>', distributionMethod='<IDEDistributionMethodiOSAppStoreDistribution: 0x7fe669d8f190>', team='<IDEProvisioningDisambiguatableBasicTeam: 0x7fe66e295e50; teamID='V6KJC9YDUM', teamName='Guninder Randhawa', teamType='Individual', username='jaydenr917@icloud.com', isFreeProvisioningTeam='0'>'>
	<IDEDistributionContext: 0x7fe656e2a7c0; archive = '<IDEArchive: 0x7fe65edf5fb0>', distributionMethod='<IDEDistributionMethodiOSAppStoreDistribution: 0x7fe669d8f190>', team='<IDEProvisioningDisambiguatableBasicTeam: 0x7fe66e295e50; teamID='V6KJC9YDUM', teamName='Guninder Randhawa', teamType='Individual', username='jaydenr917@icloud.com', isFreeProvisioningTeam='0'>'>
	<IDEDistributionContext: 0x7fe659df2ea0; archive = '<IDEArchive: 0x7fe65edf5fb0>', distributionMethod='<IDEDistributionMethodiOSAppStoreDistribution: 0x7fe669d8f190>', team='<IDEProvisioningDisambiguatableBasicTeam: 0x7fe66e295e50; teamID='V6KJC9YDUM', teamName='Guninder Randhawa', teamType='Individual', username='jaydenr917@icloud.com', isFreeProvisioningTeam='0'>'>
	<IDEDistributionContext: 0x7fe656db8660; archive = '<IDEArchive: 0x7fe65edf5fb0>', distributionMethod='<IDEDistributionMethodiOSAppStoreDistribution: 0x7fe669d8f190>', team='<IDEProvisioningDisambiguatableBasicTeam: 0x7fe66e295e50; teamID='V6KJC9YDUM', teamName='Guninder Randhawa', teamType='Individual', username='jaydenr917@icloud.com', isFreeProvisioningTeam='0'>'>
	<IDEDistributionContext: 0x7fe6478c06c0; archive = '<IDEArchive: 0x7fe65edf5fb0>', distributionMethod='<IDEDistributionMethodiOSAppStoreDistribution: 0x7fe669d8f190>', team='<IDEProvisioningDisambiguatableBasicTeam: 0x7fe66e295e50; teamID='V6KJC9YDUM', teamName='Guninder Randhawa', teamType='Individual', username='jaydenr917@icloud.com', isFreeProvisioningTeam='0'>'>
	<IDEDistributionContext: 0x7fe6470896f0; archive = '<IDEArchive: 0x7fe65edf5fb0>', distributionMethod='<IDEDistributionMethodiOSAppStoreDistribution: 0x7fe669d8f190>', team='<IDEProvisioningDisambiguatableBasicTeam: 0x7fe66e295e50; teamID='V6KJC9YDUM', teamName='Guninder Randhawa', teamType='Individual', username='jaydenr917@icloud.com', isFreeProvisioningTeam='0'>'>
	<IDEDistributionContext: 0x7fe656fd8f40; archive = '<IDEArchive: 0x7fe65edf5fb0>', distributionMethod='<IDEDistributionMethodiOSAppStoreDistribution: 0x7fe669d8f190>', team='(null)'>
	<IDEDistributionContext: 0x7fe647055470; archive = '<IDEArchive: 0x7fe65edf5fb0>', distributionMethod='<IDEDistributionMethodiOSAppStoreDistribution: 0x7fe669d8f190>', team='(null)'>
	<IDEDistributionContext: 0x7fe6463c67d0; archive = '<IDEArchive: 0x7fe65edf5fb0>', distributionMethod='(null)', team='(null)'>
</IDEDistributionProcessingPipelineContext: 0x7fe6597fd9d0>
2020-07-19 09:07:02 +0000  Processing step: IDEDistributionCreateDestRootStep
2020-07-19 09:07:02 +0000  Processing step: IDEDistributionCopyItemStep
2020-07-19 09:07:02 +0000  Running /usr/bin/ditto '-V' '/Users/jaydenrandhawa/Library/Developer/Xcode/Archives/2020-07-19/Darts 2020-07-19, 5.05 AM.xcarchive/Products/Applications/Darts.app' '/var/folders/js/n78_l5zx25xdvg3l2335p7k40000gn/T/XcodeDistPipeline.~~~X2pSrM/Root/Payload/Darts.app'
2020-07-19 09:07:02 +0000  >>> Copying /Users/jaydenrandhawa/Library/Developer/Xcode/Archives/2020-07-19/Darts 2020-07-19, 5.05 AM.xcarchive/Products/Applications/Darts.app 
2020-07-19 09:07:02 +0000  copying file ./_CodeSignature/CodeResources ... 
2020-07-19 09:07:02 +0000  4563 bytes for ./_CodeSignature/CodeResources
2020-07-19 09:07:02 +0000  copying file ./AppIcon60x60@2x.png ... 
2020-07-19 09:07:02 +0000  3020 bytes for ./AppIcon60x60@2x.png
2020-07-19 09:07:02 +0000  copying file ./Base.lproj/Main.storyboardc/BYZ-38-t0r-view-8bC-Xf-vdC.nib ... 
2020-07-19 09:07:02 +0000  8120 bytes for ./Base.lproj/Main.storyboardc/BYZ-38-t0r-view-8bC-Xf-vdC.nib
copying file ./Base.lproj/Main.storyboardc/UITabBarController-8GE-do-rWl.nib ... 
2020-07-19 09:07:02 +0000  2045 bytes for ./Base.lproj/Main.storyboardc/UITabBarController-8GE-do-rWl.nib
2020-07-19 09:07:02 +0000  copying file ./Base.lproj/Main.storyboardc/Info.plist ... 
2020-07-19 09:07:02 +0000  264 bytes for ./Base.lproj/Main.storyboardc/Info.plist
2020-07-19 09:07:02 +0000  copying file ./Base.lproj/LaunchScreen.storyboardc/01J-lp-oVM-view-Ze5-6b-2t3.nib ... 
2020-07-19 09:07:02 +0000  1197 bytes for ./Base.lproj/LaunchScreen.storyboardc/01J-lp-oVM-view-Ze5-6b-2t3.nib
copying file ./Base.lproj/LaunchScreen.storyboardc/UIViewController-01J-lp-oVM.nib ... 
2020-07-19 09:07:02 +0000  896 bytes for ./Base.lproj/LaunchScreen.storyboardc/UIViewController-01J-lp-oVM.nib
2020-07-19 09:07:02 +0000  copying file ./Base.lproj/LaunchScreen.storyboardc/Info.plist ... 
2020-07-19 09:07:02 +0000  258 bytes for ./Base.lproj/LaunchScreen.storyboardc/Info.plist
2020-07-19 09:07:02 +0000  copying file ./Assets.car ... 
2020-07-19 09:07:02 +0000  902879 bytes for ./Assets.car
2020-07-19 09:07:02 +0000  copying file ./AppIcon76x76@2x~ipad.png ... 
2020-07-19 09:07:02 +0000  3945 bytes for ./AppIcon76x76@2x~ipad.png
2020-07-19 09:07:02 +0000  copying file ./Darts ... 
2020-07-19 09:07:02 +0000  307872 bytes for ./Darts
2020-07-19 09:07:02 +0000  copying file ./embedded.mobileprovision ... 
2020-07-19 09:07:02 +0000  11379 bytes for ./embedded.mobileprovision
copying file ./Info.plist ... 
2020-07-19 09:07:02 +0000  1588 bytes for ./Info.plist
2020-07-19 09:07:02 +0000  copying file ./PkgInfo ... 
2020-07-19 09:07:02 +0000  8 bytes for ./PkgInfo
2020-07-19 09:07:02 +0000  /usr/bin/ditto exited with 0
2020-07-19 09:07:02 +0000  Processing step: IDEDistributionEmbedProfileStep
2020-07-19 09:07:02 +0000  Processing step: IDEDistributionInfoPlistStep
2020-07-19 09:07:02 +0000  Skipping step: IDEDistributionInfoPlistStep because it said so
2020-07-19 09:07:02 +0000  Processing step: IDEDistributionItemRemovalStep
2020-07-19 09:07:02 +0000  Processing step: IDEDistributionAppThinningPlistStep
2020-07-19 09:07:02 +0000  Skipping step: IDEDistributionAppThinningPlistStep because it said so
2020-07-19 09:07:02 +0000  Processing step: IDEDistributionCompileBitcodeStep
2020-07-19 09:07:02 +0000  Skipping step: IDEDistributionCompileBitcodeStep because it said so
2020-07-19 09:07:02 +0000  Processing step: IDEDistributionCodeSlimmingStep
2020-07-19 09:07:02 +0000  Running /Applications/Xcode-beta.app/Contents/Developer/Toolchains/XcodeDefault.xctoolchain/usr/bin/bitcode_strip '/var/folders/js/n78_l5zx25xdvg3l2335p7k40000gn/T/XcodeDistPipeline.~~~X2pSrM/Root/Payload/Darts.app/Darts' '-l' '-o' '/var/folders/js/n78_l5zx25xdvg3l2335p7k40000gn/T/XcodeDistPipeline.~~~X2pSrM/Root/Payload/Darts.app/Darts'
2020-07-19 09:07:02 +0000  /Applications/Xcode-beta.app/Contents/Developer/Toolchains/XcodeDefault.xctoolchain/usr/bin/bitcode_strip exited with 0
2020-07-19 09:07:02 +0000  Processing step: IDEDistributionCopyBCSymbolMapsStep
2020-07-19 09:07:02 +0000  Running /usr/bin/ditto '-V' '/Users/jaydenrandhawa/Library/Developer/Xcode/Archives/2020-07-19/Darts 2020-07-19, 5.05 AM.xcarchive/BCSymbolMaps/6D7E6EFA-18B8-38C2-AFDB-B1072FE84C97.bcsymbolmap' '/var/folders/js/n78_l5zx25xdvg3l2335p7k40000gn/T/XcodeDistPipeline.~~~X2pSrM/Root/BCSymbolMaps/6D7E6EFA-18B8-38C2-AFDB-B1072FE84C97.bcsymbolmap'
2020-07-19 09:07:02 +0000  >>> Copying /Users/jaydenrandhawa/Library/Developer/Xcode/Archives/2020-07-19/Darts 2020-07-19, 5.05 AM.xcarchive/BCSymbolMaps/6D7E6EFA-18B8-38C2-AFDB-B1072FE84C97.bcsymbolmap 
2020-07-19 09:07:02 +0000  copying file ./6D7E6EFA-18B8-38C2-AFDB-B1072FE84C97.bcsymbolmap ... 
2020-07-19 09:07:02 +0000  31460 bytes for ./6D7E6EFA-18B8-38C2-AFDB-B1072FE84C97.bcsymbolmap
2020-07-19 09:07:02 +0000  /usr/bin/ditto exited with 0
2020-07-19 09:07:02 +0000  Processing step: IDEDistributionSymbolsStep
2020-07-19 09:07:02 +0000  Excluding symbols for Darts.app
2020-07-19 09:07:02 +0000  Processing step: IDEDistributionCopyAppleProvidedContentStep
2020-07-19 09:07:02 +0000  Processing step: IDEDistributionAppThinningStep
2020-07-19 09:07:02 +0000  Skipping step: IDEDistributionAppThinningStep because it said so
2020-07-19 09:07:02 +0000  Processing step: IDEDistributionArchThinningStep
2020-07-19 09:07:02 +0000  Running /Applications/Xcode-beta.app/Contents/Developer/Toolchains/XcodeDefault.xctoolchain/usr/bin/lipo '/var/folders/js/n78_l5zx25xdvg3l2335p7k40000gn/T/XcodeDistPipeline.~~~X2pSrM/Root/Payload/Darts.app/Darts' '-verify_arch' 'arm64e'
2020-07-19 09:07:02 +0000  /Applications/Xcode-beta.app/Contents/Developer/Toolchains/XcodeDefault.xctoolchain/usr/bin/lipo exited with 1
2020-07-19 09:07:02 +0000  Skipping architecture thinning for item "Darts" because arch "arm64e" wasn't found
2020-07-19 09:07:02 +0000  Processing step: IDEDistributionODRStep
2020-07-19 09:07:02 +0000  Processing step: IDEDistributionStripXattrsStep
2020-07-19 09:07:02 +0000  Running /usr/bin/xattr '-crs' '/var/folders/js/n78_l5zx25xdvg3l2335p7k40000gn/T/XcodeDistPipeline.~~~X2pSrM/Root/Payload/Darts.app'
2020-07-19 09:07:03 +0000  /usr/bin/xattr exited with 0
2020-07-19 09:07:03 +0000  Processing step: IDEDistributionCodesignStep
2020-07-19 09:07:03 +0000  Entitlements for <IDEDistributionItem: 0x7fe65c455660; bundleID='Jayden.Darts', path='<DVTFilePath:0x7fe672cc8de0:'/Users/jaydenrandhawa/Library/Developer/Xcode/Archives/2020-07-19/Darts 2020-07-19, 5.05 AM.xcarchive/Products/Applications/Darts.app'>', codeSigningInfo='<_DVTCodeSigningInformation_Path: 0x7fe659d94060; isSigned='1', isAdHocSigned='0', signingCertificate='<DVTSigningCertificate: 0x7fe669944e80; name='Apple Development: Guninder Randhawa (Y972P833Z9)', hash='6166DCC347912A4EBC1211471118E04D0C3E250B', serialNumber='<DVTSigningCertificateSerialNumber: 0x7fe669944f80>', certificateKinds='(
    "1.2.840.113635.100.6.1.12",
    "1.2.840.113635.100.6.1.2"
), issueDate='2020-06-09 22:21:08 +0000''>', entitlements='{
    "application-identifier" = "V6KJC9YDUM.Jayden.Darts";
    "com.apple.developer.team-identifier" = V6KJC9YDUM;
    "get-task-allow" = 1;
    "keychain-access-groups" =     (
        "V6KJC9YDUM.Jayden.Darts"
    );
}', teamID='V6KJC9YDUM', identifier='Jayden.Darts', executablePath='<DVTFilePath:0x7fe656e6a490:'/Users/jaydenrandhawa/Library/Developer/Xcode/Archives/2020-07-19/Darts 2020-07-19, 5.05 AM.xcarchive/Products/Applications/Darts.app/Darts'>', hardenedRuntime='0'>'>: {
    "application-identifier" = "V6KJC9YDUM.Jayden.Darts";
    "beta-reports-active" = 1;
    "com.apple.developer.team-identifier" = V6KJC9YDUM;
    "get-task-allow" = 0;
    "keychain-access-groups" =     (
        "V6KJC9YDUM.Jayden.Darts"
    );
}
2020-07-19 09:07:03 +0000  Writing entitlements for <IDEDistributionItem: 0x7fe65c455660; bundleID='Jayden.Darts', path='<DVTFilePath:0x7fe672cc8de0:'/Users/jaydenrandhawa/Library/Developer/Xcode/Archives/2020-07-19/Darts 2020-07-19, 5.05 AM.xcarchive/Products/Applications/Darts.app'>', codeSigningInfo='<_DVTCodeSigningInformation_Path: 0x7fe659d94060; isSigned='1', isAdHocSigned='0', signingCertificate='<DVTSigningCertificate: 0x7fe646640b00; name='Apple Development: Guninder Randhawa (Y972P833Z9)', hash='6166DCC347912A4EBC1211471118E04D0C3E250B', serialNumber='<DVTSigningCertificateSerialNumber: 0x7fe646660250>', certificateKinds='(
    "1.2.840.113635.100.6.1.12",
    "1.2.840.113635.100.6.1.2"
), issueDate='2020-06-09 22:21:08 +0000''>', entitlements='{
    "application-identifier" = "V6KJC9YDUM.Jayden.Darts";
    "com.apple.developer.team-identifier" = V6KJC9YDUM;
    "get-task-allow" = 1;
    "keychain-access-groups" =     (
        "V6KJC9YDUM.Jayden.Darts"
    );
}', teamID='V6KJC9YDUM', identifier='Jayden.Darts', executablePath='<DVTFilePath:0x7fe656e6a490:'/Users/jaydenrandhawa/Library/Developer/Xcode/Archives/2020-07-19/Darts 2020-07-19, 5.05 AM.xcarchive/Products/Applications/Darts.app/Darts'>', hardenedRuntime='0'>'> to: /var/folders/js/n78_l5zx25xdvg3l2335p7k40000gn/T/XcodeDistPipeline.~~~X2pSrM/entitlements~~~xTcRyq
2020-07-19 09:07:03 +0000  Running /usr/bin/codesign '-vvv' '--force' '--sign' '96D8A322A8137FE1B2E41258E4DFE475887F2635' '--entitlements' '/var/folders/js/n78_l5zx25xdvg3l2335p7k40000gn/T/XcodeDistPipeline.~~~X2pSrM/entitlements~~~xTcRyq' '--preserve-metadata=identifier,flags,runtime' '/var/folders/js/n78_l5zx25xdvg3l2335p7k40000gn/T/XcodeDistPipeline.~~~X2pSrM/Root/Payload/Darts.app'
2020-07-19 09:07:03 +0000  /var/folders/js/n78_l5zx25xdvg3l2335p7k40000gn/T/XcodeDistPipeline.~~~X2pSrM/Root/Payload/Darts.app: signed app bundle with Mach-O thin (arm64) [Jayden.Darts]
2020-07-19 09:07:03 +0000  /usr/bin/codesign exited with 0
2020-07-19 09:07:03 +0000  Processing step: IDEDistributionZipODRItemStep
2020-07-19 09:07:03 +0000  Skipping step: IDEDistributionZipODRItemStep because it said so
2020-07-19 09:07:03 +0000  Processing step: IDEDistributionCreateIPAStep
2020-07-19 09:07:03 +0000  Running /usr/bin/ditto '-V' '-c' '-k' '--norsrc' '/var/folders/js/n78_l5zx25xdvg3l2335p7k40000gn/T/XcodeDistPipeline.~~~X2pSrM/Root' '/var/folders/js/n78_l5zx25xdvg3l2335p7k40000gn/T/XcodeDistPipeline.~~~X2pSrM/Packages/Darts.ipa'
2020-07-19 09:07:03 +0000  >>> Copying /var/folders/js/n78_l5zx25xdvg3l2335p7k40000gn/T/XcodeDistPipeline.~~~X2pSrM/Root 
2020-07-19 09:07:03 +0000  copying file ./BCSymbolMaps/6D7E6EFA-18B8-38C2-AFDB-B1072FE84C97.bcsymbolmap ... 
2020-07-19 09:07:03 +0000  31460 bytes for ./BCSymbolMaps/6D7E6EFA-18B8-38C2-AFDB-B1072FE84C97.bcsymbolmap
2020-07-19 09:07:03 +0000  copying file ./Payload/Darts.app/_CodeSignature/CodeResources ... 
2020-07-19 09:07:03 +0000  4563 bytes for ./Payload/Darts.app/_CodeSignature/CodeResources
2020-07-19 09:07:03 +0000  copying file ./Payload/Darts.app/AppIcon60x60@2x.png ... 
2020-07-19 09:07:03 +0000  3020 bytes for ./Payload/Darts.app/AppIcon60x60@2x.png
2020-07-19 09:07:03 +0000  copying file ./Payload/Darts.app/Base.lproj/Main.storyboardc/BYZ-38-t0r-view-8bC-Xf-vdC.nib ... 
2020-07-19 09:07:03 +0000  8120 bytes for ./Payload/Darts.app/Base.lproj/Main.storyboardc/BYZ-38-t0r-view-8bC-Xf-vdC.nib
copying file ./Payload/Darts.app/Base.lproj/Main.storyboardc/UITabBarController-8GE-do-rWl.nib ... 
2020-07-19 09:07:03 +0000  2045 bytes for ./Payload/Darts.app/Base.lproj/Main.storyboardc/UITabBarController-8GE-do-rWl.nib
2020-07-19 09:07:03 +0000  copying file ./Payload/Darts.app/Base.lproj/Main.storyboardc/Info.plist ... 
264 bytes for ./Payload/Darts.app/Base.lproj/Main.storyboardc/Info.plist
2020-07-19 09:07:03 +0000  copying file ./Payload/Darts.app/Base.lproj/LaunchScreen.storyboardc/01J-lp-oVM-view-Ze5-6b-2t3.nib ... 
1197 bytes for ./Payload/Darts.app/Base.lproj/LaunchScreen.storyboardc/01J-lp-oVM-view-Ze5-6b-2t3.nib
copying file ./Payload/Darts.app/Base.lproj/LaunchScreen.storyboardc/UIViewController-01J-lp-oVM.nib ... 
2020-07-19 09:07:03 +0000  896 bytes for ./Payload/Darts.app/Base.lproj/LaunchScreen.storyboardc/UIViewController-01J-lp-oVM.nib
2020-07-19 09:07:03 +0000  copying file ./Payload/Darts.app/Base.lproj/LaunchScreen.storyboardc/Info.plist ... 
258 bytes for ./Payload/Darts.app/Base.lproj/LaunchScreen.storyboardc/Info.plist
2020-07-19 09:07:03 +0000  copying file ./Payload/Darts.app/Assets.car ... 
2020-07-19 09:07:03 +0000  902879 bytes for ./Payload/Darts.app/Assets.car
copying file ./Payload/Darts.app/AppIcon76x76@2x~ipad.png ... 
2020-07-19 09:07:03 +0000  3945 bytes for ./Payload/Darts.app/AppIcon76x76@2x~ipad.png
copying file ./Payload/Darts.app/Darts ... 
2020-07-19 09:07:03 +0000  243008 bytes for ./Payload/Darts.app/Darts
copying file ./Payload/Darts.app/embedded.mobileprovision ... 
2020-07-19 09:07:03 +0000  11214 bytes for ./Payload/Darts.app/embedded.mobileprovision
copying file ./Payload/Darts.app/Info.plist ... 
2020-07-19 09:07:03 +0000  1588 bytes for ./Payload/Darts.app/Info.plist
copying file ./Payload/Darts.app/PkgInfo ... 
2020-07-19 09:07:03 +0000  8 bytes for ./Payload/Darts.app/PkgInfo
2020-07-19 09:07:03 +0000  /usr/bin/ditto exited with 0
2020-07-19 09:07:03 +0000  Processing step: IDEDistributionAppStoreInformationStep
2020-07-19 09:07:03 +0000  Skipping step: IDEDistributionAppStoreInformationStep because it said so
2020-07-19 09:07:03 +0000  Processing step: IDEDistributionGenerateProcessedDistributionItems
2020-07-19 09:07:03 +0000  IDEDistributionItem init <DVTFilePath:0x7fe671b9ab00:'/var/folders/js/n78_l5zx25xdvg3l2335p7k40000gn/T/XcodeDistPipeline.~~~X2pSrM/Root/Payload/Darts.app'>
2020-07-19 09:07:03 +0000  Processing step: IDEDistributionCreateManifestStep
2020-07-19 09:07:03 +0000  Skipping step: IDEDistributionCreateManifestStep because it said so
